mode: set
auth\token\ldap.go:38.61,44.16 5 0
auth\token\ldap.go:48.2,52.16 3 0
auth\token\ldap.go:56.2,64.16 3 0
auth\token\ldap.go:69.2,72.19 3 0
auth\token\ldap.go:44.16,47.3 2 0
auth\token\ldap.go:52.16,55.3 2 0
auth\token\ldap.go:64.16,67.3 2 0
auth\token\session.go:39.13,41.2 1 1
auth\token\session.go:44.27,50.2 5 1
auth\token\session.go:53.83,56.25 2 1
auth\token\session.go:61.2,63.16 2 1
auth\token\session.go:70.2,72.32 3 1
auth\token\session.go:86.2,86.8 1 1
auth\token\session.go:56.25,58.3 1 1
auth\token\session.go:58.3,60.3 1 0
auth\token\session.go:63.16,66.3 2 1
auth\token\session.go:72.32,82.3 3 1
auth\token\session.go:82.3,84.3 1 1
auth\token\session.go:90.53,92.2 0 0
auth\token\session.go:96.72,99.30 2 1
auth\token\session.go:104.2,105.16 2 1
auth\token\session.go:108.2,108.8 1 1
auth\token\session.go:99.30,102.3 2 0
auth\token\session.go:105.16,107.3 1 0
auth\token\session.go:111.48,113.28 1 1
auth\token\session.go:118.2,118.11 1 1
auth\token\session.go:113.28,114.29 1 1
auth\token\session.go:114.29,116.4 1 1
auth\token\session.go:122.61,124.2 1 1
auth\token\session.go:127.63,130.30 2 1
auth\token\session.go:134.2,137.8 3 1
auth\token\session.go:130.30,133.3 2 1
auth\token\session.go:141.25,145.28 3 0
auth\token\session.go:145.28,146.21 1 0
auth\token\session.go:146.21,148.4 1 0
auth\token\session.go:153.44,156.30 3 0
auth\token\session.go:159.2,159.14 1 0
auth\token\session.go:156.30,158.3 1 0
auth\token\session.go:164.42,167.2 2 0
auth\token\session.go:171.74,176.16 4 1
auth\token\session.go:179.2,179.15 1 1
auth\token\session.go:176.16,178.3 1 0
auth\token\user.go:32.13,38.2 5 1
auth\token\user.go:55.34,62.16 6 1
auth\token\user.go:66.2,71.8 6 1
auth\token\user.go:62.16,64.3 1 0
auth\token\user.go:75.86,79.16 3 1
auth\token\user.go:84.2,84.16 1 1
auth\token\user.go:87.2,88.8 2 1
auth\token\user.go:79.16,82.3 2 1
auth\token\user.go:84.16,86.3 1 1
auth\token\user.go:112.74,116.16 3 1
auth\token\user.go:121.2,127.16 5 1
auth\token\user.go:131.2,138.16 7 1
auth\token\user.go:143.2,148.8 3 1
auth\token\user.go:116.16,119.3 2 0
auth\token\user.go:127.16,130.3 2 0
auth\token\user.go:138.16,141.3 2 0
auth\token\user.go:152.73,163.16 4 1
auth\token\user.go:168.2,169.18 2 1
auth\token\user.go:178.2,178.8 1 1
auth\token\user.go:163.16,166.3 2 0
auth\token\user.go:169.18,171.17 2 1
auth\token\user.go:175.3,175.44 1 1
auth\token\user.go:171.17,174.4 2 0
auth\token\user.go:182.102,189.71 4 1
auth\token\user.go:194.2,197.22 2 1
auth\token\user.go:210.2,223.8 9 1
auth\token\user.go:189.71,193.3 3 0
auth\token\user.go:197.22,201.17 4 0
auth\token\user.go:201.17,205.4 3 0
